<?xml version="1.0" encoding="UTF-8"?>
<robot generator="Robot 6.0.2 (Python 3.10.6 on linux)" generated="20230726 15:03:49.463" rpa="false" schemaversion="3">
<suite id="s1" name="Test" source="/home/priyansu/Desktop/testing/unifyng-automation-testing/UnifyUI/API/Robot/test.robot">
<test id="s1-t1" name="TC1" line="10">
<kw name="Open Browser" library="SeleniumLibrary">
<arg>${url}</arg>
<arg>${browser}</arg>
<doc>Opens a new browser instance to the optional ``url``.</doc>
<msg timestamp="20230726 15:03:49.596" level="INFO">Opening browser 'headlesschrome' to base url 'https://testautomationpractice.blogspot.com'.</msg>
<status status="PASS" starttime="20230726 15:03:49.596" endtime="20230726 15:03:56.290"/>
</kw>
<kw name="Set Browser Implicit Wait" library="SeleniumLibrary">
<arg>10</arg>
<doc>Sets the implicit wait value used by Selenium.</doc>
<status status="PASS" starttime="20230726 15:03:56.291" endtime="20230726 15:03:56.295"/>
</kw>
<kw name="Input Text" library="SeleniumLibrary">
<arg>//input[@id='phone']</arg>
<arg>Hello</arg>
<doc>Types the given ``text`` into the text field identified by ``locator``.</doc>
<msg timestamp="20230726 15:03:56.297" level="INFO">Typing text 'Hello' into text field '//input[@id='phone']'.</msg>
<status status="PASS" starttime="20230726 15:03:56.295" endtime="20230726 15:03:56.466"/>
</kw>
<kw name="Sleep" library="BuiltIn">
<arg>5</arg>
<doc>Pauses the test executed for the given time.</doc>
<msg timestamp="20230726 15:04:01.467" level="INFO">Slept 5 seconds</msg>
<status status="PASS" starttime="20230726 15:03:56.466" endtime="20230726 15:04:01.467"/>
</kw>
<kw name="Maximize Browser Window" library="SeleniumLibrary">
<doc>Maximizes current browser window.</doc>
<status status="PASS" starttime="20230726 15:04:01.468" endtime="20230726 15:04:01.579"/>
</kw>
<status status="PASS" starttime="20230726 15:03:49.595" endtime="20230726 15:04:01.579"/>
</test>
<status status="PASS" starttime="20230726 15:03:49.464" endtime="20230726 15:04:01.581"/>
</suite>
<statistics>
<total>
<stat pass="1" fail="0" skip="0">All Tests</stat>
</total>
<tag>
</tag>
<suite>
<stat pass="1" fail="0" skip="0" id="s1" name="Test">Test</stat>
</suite>
</statistics>
<errors>
</errors>
</robot>
